# JRE version: OpenJDK Runtime Environment (8.0_91-b14) (build 1.8.0_91-8u91-b14-0ubuntu4~14.04-b14)
# Java VM: OpenJDK 64-Bit Server VM (25.91-b14 mixed mode linux-amd64 compressed oops)
Heap:
 PSYoungGen      total 537600K, used 34273K [0x00000000d6f00000, 0x00000000f9e00000, 0x0000000100000000)
  eden space 503296K, 0% used [0x00000000d6f00000,0x00000000d6f00000,0x00000000f5a80000)
  from space 34304K, 99% used [0x00000000f5a80000,0x00000000f7bf8518,0x00000000f7c00000)
  to   space 33792K, 0% used [0x00000000f7c00000,0x00000000f7c00000,0x00000000f9d00000)
 ParOldGen       total 84992K, used 65322K [0x0000000084c00000, 0x0000000089f00000, 0x00000000d6f00000)
  object space 84992K, 76% used [0x0000000084c00000,0x0000000088bca9b0,0x0000000089f00000)
 Metaspace       used 19957K, capacity 20178K, committed 20480K, reserved 1067008K
  class space    used 2382K, capacity 2473K, committed 2560K, reserved 1048576K
GC Heap History (10 events):
Event: 3.730 GC heap after
Heap after GC invocations=4 (full 0):
 PSYoungGen      total 132096K, used 5104K [0x00000000d6f00000, 0x00000000df500000, 0x0000000100000000)
  eden space 126976K, 0% used [0x00000000d6f00000,0x00000000d6f00000,0x00000000deb00000)
  from space 5120K, 99% used [0x00000000df000000,0x00000000df4fc030,0x00000000df500000)
  to   space 5120K, 0% used [0x00000000deb00000,0x00000000deb00000,0x00000000df000000)
 ParOldGen       total 84992K, used 13920K [0x0000000084c00000, 0x0000000089f00000, 0x00000000d6f00000)
  object space 84992K, 16% used [0x0000000084c00000,0x00000000859981c8,0x0000000089f00000)
 Metaspace       used 16353K, capacity 16476K, committed 16640K, reserved 1064960K
  class space    used 1961K, capacity 1992K, committed 2048K, reserved 1048576K
}
Event: 4.283 GC heap before
{Heap before GC invocations=5 (full 0):
 PSYoungGen      total 132096K, used 132080K [0x00000000d6f00000, 0x00000000df500000, 0x0000000100000000)
  eden space 126976K, 100% used [0x00000000d6f00000,0x00000000deb00000,0x00000000deb00000)
  from space 5120K, 99% used [0x00000000df000000,0x00000000df4fc030,0x00000000df500000)
  to   space 5120K, 0% used [0x00000000deb00000,0x00000000deb00000,0x00000000df000000)
 ParOldGen       total 84992K, used 13920K [0x0000000084c00000, 0x0000000089f00000, 0x00000000d6f00000)
  object space 84992K, 16% used [0x0000000084c00000,0x00000000859981c8,0x0000000089f00000)
 Metaspace       used 18139K, capacity 18316K, committed 18688K, reserved 1064960K
  class space    used 2156K, capacity 2224K, committed 2304K, reserved 1048576K
Event: 4.333 GC heap after
Heap after GC invocations=5 (full 0):
 PSYoungGen      total 132096K, used 5120K [0x00000000d6f00000, 0x00000000e8e00000, 0x0000000100000000)
  eden space 126976K, 0% used [0x00000000d6f00000,0x00000000d6f00000,0x00000000deb00000)
  from space 5120K, 100% used [0x00000000deb00000,0x00000000df000000,0x00000000df000000)
  to   space 19968K, 0% used [0x00000000e7a80000,0x00000000e7a80000,0x00000000e8e00000)
 ParOldGen       total 84992K, used 27503K [0x0000000084c00000, 0x0000000089f00000, 0x00000000d6f00000)
  object space 84992K, 32% used [0x0000000084c00000,0x00000000866dbe60,0x0000000089f00000)
 Metaspace       used 18139K, capacity 18316K, committed 18688K, reserved 1064960K
  class space    used 2156K, capacity 2224K, committed 2304K, reserved 1048576K
}
Event: 4.616 GC heap before
{Heap before GC invocations=6 (full 0):
 PSYoungGen      total 132096K, used 132096K [0x00000000d6f00000, 0x00000000e8e00000, 0x0000000100000000)
  eden space 126976K, 100% used [0x00000000d6f00000,0x00000000deb00000,0x00000000deb00000)
  from space 5120K, 100% used [0x00000000deb00000,0x00000000df000000,0x00000000df000000)
  to   space 19968K, 0% used [0x00000000e7a80000,0x00000000e7a80000,0x00000000e8e00000)
 ParOldGen       total 84992K, used 27503K [0x0000000084c00000, 0x0000000089f00000, 0x00000000d6f00000)
  object space 84992K, 32% used [0x0000000084c00000,0x00000000866dbe60,0x0000000089f00000)
 Metaspace       used 18912K, capacity 19188K, committed 19456K, reserved 1067008K
  class space    used 2225K, capacity 2300K, committed 2304K, reserved 1048576K
Event: 4.744 GC heap after
Heap after GC invocations=6 (full 0):
 PSYoungGen      total 271872K, used 16959K [0x00000000d6f00000, 0x00000000e9200000, 0x0000000100000000)
  eden space 251904K, 0% used [0x00000000d6f00000,0x00000000d6f00000,0x00000000e6500000)
  from space 19968K, 84% used [0x00000000e7a80000,0x00000000e8b0fc48,0x00000000e8e00000)
  to   space 22016K, 0% used [0x00000000e6500000,0x00000000e6500000,0x00000000e7a80000)
 ParOldGen       total 84992K, used 27511K [0x0000000084c00000, 0x0000000089f00000, 0x00000000d6f00000)
  object space 84992K, 32% used [0x0000000084c00000,0x00000000866dde60,0x0000000089f00000)
 Metaspace       used 18912K, capacity 19188K, committed 19456K, reserved 1067008K
  class space    used 2225K, capacity 2300K, committed 2304K, reserved 1048576K
}
Event: 6.719 GC heap before
{Heap before GC invocations=7 (full 0):
 PSYoungGen      total 271872K, used 268863K [0x00000000d6f00000, 0x00000000e9200000, 0x0000000100000000)
  eden space 251904K, 100% used [0x00000000d6f00000,0x00000000e6500000,0x00000000e6500000)
  from space 19968K, 84% used [0x00000000e7a80000,0x00000000e8b0fc48,0x00000000e8e00000)
  to   space 22016K, 0% used [0x00000000e6500000,0x00000000e6500000,0x00000000e7a80000)
 ParOldGen       total 84992K, used 27511K [0x0000000084c00000, 0x0000000089f00000, 0x00000000d6f00000)
  object space 84992K, 32% used [0x0000000084c00000,0x00000000866dde60,0x0000000089f00000)
 Metaspace       used 19026K, capacity 19240K, committed 19584K, reserved 1067008K
  class space    used 2240K, capacity 2338K, committed 2432K, reserved 1048576K
Event: 6.927 GC heap after
Heap after GC invocations=7 (full 0):
 PSYoungGen      total 273920K, used 22011K [0x00000000d6f00000, 0x00000000f9d00000, 0x0000000100000000)
  eden space 251904K, 0% used [0x00000000d6f00000,0x00000000d6f00000,0x00000000e6500000)
  from space 22016K, 99% used [0x00000000e6500000,0x00000000e7a7ecb0,0x00000000e7a80000)
  to   space 33792K, 0% used [0x00000000f7c00000,0x00000000f7c00000,0x00000000f9d00000)
 ParOldGen       total 84992K, used 43068K [0x0000000084c00000, 0x0000000089f00000, 0x00000000d6f00000)
  object space 84992K, 50% used [0x0000000084c00000,0x000000008760f260,0x0000000089f00000)
 Metaspace       used 19026K, capacity 19240K, committed 19584K, reserved 1067008K
  class space    used 2240K, capacity 2338K, committed 2432K, reserved 1048576K
}
Event: 8.028 GC heap before
{Heap before GC invocations=8 (full 0):
 PSYoungGen      total 273920K, used 273915K [0x00000000d6f00000, 0x00000000f9d00000, 0x0000000100000000)
  eden space 251904K, 100% used [0x00000000d6f00000,0x00000000e6500000,0x00000000e6500000)
  from space 22016K, 99% used [0x00000000e6500000,0x00000000e7a7ecb0,0x00000000e7a80000)
  to   space 33792K, 0% used [0x00000000f7c00000,0x00000000f7c00000,0x00000000f9d00000)
 ParOldGen       total 84992K, used 43068K [0x0000000084c00000, 0x0000000089f00000, 0x00000000d6f00000)
  object space 84992K, 50% used [0x0000000084c00000,0x000000008760f260,0x0000000089f00000)
 Metaspace       used 19099K, capacity 19368K, committed 19584K, reserved 1067008K
  class space    used 2252K, capacity 2338K, committed 2432K, reserved 1048576K
Event: 8.155 GC heap after
Heap after GC invocations=8 (full 0):
 PSYoungGen      total 537088K, used 21902K [0x00000000d6f00000, 0x00000000f9e00000, 0x0000000100000000)
  eden space 503296K, 0% used [0x00000000d6f00000,0x00000000d6f00000,0x00000000f5a80000)
  from space 33792K, 64% used [0x00000000f7c00000,0x00000000f91639e0,0x00000000f9d00000)
  to   space 34304K, 0% used [0x00000000f5a80000,0x00000000f5a80000,0x00000000f7c00000)
 ParOldGen       total 84992K, used 43116K [0x0000000084c00000, 0x0000000089f00000, 0x00000000d6f00000)
  object space 84992K, 50% used [0x0000000084c00000,0x000000008761b260,0x0000000089f00000)
 Metaspace       used 19099K, capacity 19368K, committed 19584K, reserved 1067008K
  class space    used 2252K, capacity 2338K, committed 2432K, reserved 1048576K
}
Event: 77.099 GC heap before
{Heap before GC invocations=9 (full 0):
 PSYoungGen      total 537088K, used 525198K [0x00000000d6f00000, 0x00000000f9e00000, 0x0000000100000000)
  eden space 503296K, 100% used [0x00000000d6f00000,0x00000000f5a80000,0x00000000f5a80000)
  from space 33792K, 64% used [0x00000000f7c00000,0x00000000f91639e0,0x00000000f9d00000)
  to   space 34304K, 0% used [0x00000000f5a80000,0x00000000f5a80000,0x00000000f7c00000)
 ParOldGen       total 84992K, used 43116K [0x0000000084c00000, 0x0000000089f00000, 0x00000000d6f00000)
  object space 84992K, 50% used [0x0000000084c00000,0x000000008761b260,0x0000000089f00000)
 Metaspace       used 19957K, capacity 20178K, committed 20480K, reserved 1067008K
  class space    used 2382K, capacity 2473K, committed 2560K, reserved 1048576K

